<?xml version="1.0" encoding="UTF-8"?>
<testng-results ignored="0" total="4" passed="3" failed="1" skipped="0">
  <reporter-output>
  </reporter-output>
  <suite started-at="2022-02-21T00:53:18 MSK" name="Command line suite" finished-at="2022-02-21T00:54:30 MSK" duration-ms="71887">
    <groups>
    </groups>
    <test started-at="2022-02-21T00:53:18 MSK" name="Command line test" finished-at="2022-02-21T00:54:30 MSK" duration-ms="71887">
      <class name="test.JoinUpTest">
        <test-method is-config="true" signature="init()[pri:0, instance:test.JoinUpTest@23bb8443]" started-at="2022-02-21T00:53:18 MSK" name="init" finished-at="2022-02-21T00:53:21 MSK" duration-ms="3548" status="PASS">
          <reporter-output>
          </reporter-output>
        </test-method> <!-- init -->
        <test-method signature="findTourByPrice()[pri:0, instance:test.JoinUpTest@23bb8443]" started-at="2022-02-21T00:53:21 MSK" name="findTourByPrice" finished-at="2022-02-21T00:53:31 MSK" duration-ms="9863" status="FAIL">
          <exception class="org.openqa.selenium.UnhandledAlertException">
            <message>
              <![CDATA[unexpected alert open: {Alert text : Пожалуйста укажите дату!}
  (Session info: chrome=98.0.4758.102): Пожалуйста укажите дату!
Build info: version: '4.0.0', revision: '3a21814679'
System info: host: 'DESKTOP-NT4Q512', ip: '172.30.224.1', os.name: 'Windows 10', os.arch: 'amd64', os.version: '10.0', java.version: '15.0.2'
Driver info: org.openqa.selenium.chrome.ChromeDriver
Command: [02ed2e97e47fa76885009fc29e5ea40b, findElement {using=xpath, value=//li[@class="box"]}]
Capabilities {acceptInsecureCerts: false, browserName: chrome, browserVersion: 98.0.4758.102, chrome: {chromedriverVersion: 98.0.4758.102 (273bf7ac8c90..., userDataDir: C:\Users\Test\AppData\Local...}, goog:chromeOptions: {debuggerAddress: localhost:54111}, javascriptEnabled: true, networkConnectionEnabled: false, pageLoadStrategy: normal, platform: WINDOWS, platformName: WINDOWS, proxy: Proxy(), se:cdp: ws://localhost:54111/devtoo..., se:cdpVersion: 98.0.4758.102, setWindowRect: true, strictFileInteractability: false, timeouts: {implicit: 0, pageLoad: 300000, script: 30000}, unhandledPromptBehavior: dismiss and notify, webauthn:extension:credBlob: true, webauthn:extension:largeBlob: true, webauthn:virtualAuthenticators: true}
Session ID: 02ed2e97e47fa76885009fc29e5ea40b]]>
            </message>
            <full-stacktrace>
              <![CDATA[org.openqa.selenium.UnhandledAlertException: unexpected alert open: {Alert text : Пожалуйста укажите дату!}
  (Session info: chrome=98.0.4758.102): Пожалуйста укажите дату!
Build info: version: '4.0.0', revision: '3a21814679'
System info: host: 'DESKTOP-NT4Q512', ip: '172.30.224.1', os.name: 'Windows 10', os.arch: 'amd64', os.version: '10.0', java.version: '15.0.2'
Driver info: org.openqa.selenium.chrome.ChromeDriver
Command: [02ed2e97e47fa76885009fc29e5ea40b, findElement {using=xpath, value=//li[@class="box"]}]
Capabilities {acceptInsecureCerts: false, browserName: chrome, browserVersion: 98.0.4758.102, chrome: {chromedriverVersion: 98.0.4758.102 (273bf7ac8c90..., userDataDir: C:\Users\Test\AppData\Local...}, goog:chromeOptions: {debuggerAddress: localhost:54111}, javascriptEnabled: true, networkConnectionEnabled: false, pageLoadStrategy: normal, platform: WINDOWS, platformName: WINDOWS, proxy: Proxy(), se:cdp: ws://localhost:54111/devtoo..., se:cdpVersion: 98.0.4758.102, setWindowRect: true, strictFileInteractability: false, timeouts: {implicit: 0, pageLoad: 300000, script: 30000}, unhandledPromptBehavior: dismiss and notify, webauthn:extension:credBlob: true, webauthn:extension:largeBlob: true, webauthn:virtualAuthenticators: true}
Session ID: 02ed2e97e47fa76885009fc29e5ea40b
at org.openqa.selenium.remote.codec.w3c.W3CHttpResponseCodec.decode(W3CHttpResponseCodec.java:131)
at org.openqa.selenium.remote.codec.w3c.W3CHttpResponseCodec.decode(W3CHttpResponseCodec.java:53)
at org.openqa.selenium.remote.HttpCommandExecutor.execute(HttpCommandExecutor.java:184)
at org.openqa.selenium.remote.service.DriverCommandExecutor.invokeExecute(DriverCommandExecutor.java:164)
at org.openqa.selenium.remote.service.DriverCommandExecutor.execute(DriverCommandExecutor.java:139)
at org.openqa.selenium.remote.RemoteWebDriver.execute(RemoteWebDriver.java:559)
at org.openqa.selenium.remote.ElementLocation$ElementFinder$2.findElement(ElementLocation.java:162)
at org.openqa.selenium.remote.ElementLocation.findElement(ElementLocation.java:60)
at org.openqa.selenium.remote.RemoteWebDriver.findElement(RemoteWebDriver.java:383)
at org.openqa.selenium.remote.RemoteWebDriver.findElement(RemoteWebDriver.java:375)
at org.openqa.selenium.support.ui.ExpectedConditions$6.apply(ExpectedConditions.java:174)
at org.openqa.selenium.support.ui.ExpectedConditions$6.apply(ExpectedConditions.java:171)
at org.openqa.selenium.support.ui.FluentWait.until(FluentWait.java:208)
at utils.Waits.getWebElementUntilWait(Waits.java:14)
at page.FindTourPage.isPageContainsResult(FindTourPage.java:36)
at test.JoinUpTest.findTourByPrice(JoinUpTest.java:47)
at java.base/jdk.internal.reflect.NativeMethodAccessorImpl.invoke0(Native Method)
at java.base/jdk.internal.reflect.NativeMethodAccessorImpl.invoke(NativeMethodAccessorImpl.java:64)
at java.base/jdk.internal.reflect.DelegatingMethodAccessorImpl.invoke(DelegatingMethodAccessorImpl.java:43)
at java.base/java.lang.reflect.Method.invoke(Method.java:564)
at org.testng.internal.MethodInvocationHelper.invokeMethod(MethodInvocationHelper.java:133)
at org.testng.internal.TestInvoker.invokeMethod(TestInvoker.java:598)
at org.testng.internal.TestInvoker.invokeTestMethod(TestInvoker.java:173)
at org.testng.internal.MethodRunner.runInSequence(MethodRunner.java:46)
at org.testng.internal.TestInvoker$MethodInvocationAgent.invoke(TestInvoker.java:824)
at org.testng.internal.TestInvoker.invokeTestMethods(TestInvoker.java:146)
at org.testng.internal.TestMethodWorker.invokeTestMethods(TestMethodWorker.java:146)
at org.testng.internal.TestMethodWorker.run(TestMethodWorker.java:128)
at java.base/java.util.ArrayList.forEach(ArrayList.java:1511)
at org.testng.TestRunner.privateRun(TestRunner.java:794)
at org.testng.TestRunner.run(TestRunner.java:596)
at org.testng.SuiteRunner.runTest(SuiteRunner.java:377)
at org.testng.SuiteRunner.runSequentially(SuiteRunner.java:371)
at org.testng.SuiteRunner.privateRun(SuiteRunner.java:332)
at org.testng.SuiteRunner.run(SuiteRunner.java:276)
at org.testng.SuiteRunnerWorker.runSuite(SuiteRunnerWorker.java:53)
at org.testng.SuiteRunnerWorker.run(SuiteRunnerWorker.java:96)
at org.testng.TestNG.runSuitesSequentially(TestNG.java:1212)
at org.testng.TestNG.runSuitesLocally(TestNG.java:1134)
at org.testng.TestNG.runSuites(TestNG.java:1063)
at org.testng.TestNG.run(TestNG.java:1031)
at org.apache.maven.surefire.testng.TestNGExecutor.run(TestNGExecutor.java:77)
at org.apache.maven.surefire.testng.TestNGDirectoryTestSuite.executeMulti(TestNGDirectoryTestSuite.java:159)
at org.apache.maven.surefire.testng.TestNGDirectoryTestSuite.execute(TestNGDirectoryTestSuite.java:99)
at org.apache.maven.surefire.testng.TestNGProvider.invoke(TestNGProvider.java:106)
at java.base/jdk.internal.reflect.NativeMethodAccessorImpl.invoke0(Native Method)
at java.base/jdk.internal.reflect.NativeMethodAccessorImpl.invoke(NativeMethodAccessorImpl.java:64)
at java.base/jdk.internal.reflect.DelegatingMethodAccessorImpl.invoke(DelegatingMethodAccessorImpl.java:43)
at java.base/java.lang.reflect.Method.invoke(Method.java:564)
at org.apache.maven.surefire.util.ReflectionUtils.invokeMethodWithArray(ReflectionUtils.java:189)
at org.apache.maven.surefire.booter.ProviderFactory$ProviderProxy.invoke(ProviderFactory.java:165)
at org.apache.maven.surefire.booter.ProviderFactory.invokeProvider(ProviderFactory.java:85)
at org.apache.maven.surefire.booter.ForkedBooter.runSuitesInProcess(ForkedBooter.java:115)
at org.apache.maven.surefire.booter.ForkedBooter.main(ForkedBooter.java:75)
]]>
            </full-stacktrace>
          </exception> <!-- org.openqa.selenium.UnhandledAlertException -->
          <reporter-output>
          </reporter-output>
        </test-method> <!-- findTourByPrice -->
        <test-method is-config="true" signature="close()[pri:0, instance:test.JoinUpTest@23bb8443]" started-at="2022-02-21T00:53:31 MSK" name="close" finished-at="2022-02-21T00:53:32 MSK" duration-ms="683" status="PASS">
          <reporter-output>
          </reporter-output>
        </test-method> <!-- close -->
        <test-method is-config="true" signature="init()[pri:0, instance:test.JoinUpTest@23bb8443]" started-at="2022-02-21T00:53:32 MSK" name="init" finished-at="2022-02-21T00:53:34 MSK" duration-ms="1468" status="PASS">
          <reporter-output>
          </reporter-output>
        </test-method> <!-- init -->
        <test-method signature="findTourToRandomCountry()[pri:0, instance:test.JoinUpTest@23bb8443]" started-at="2022-02-21T00:53:34 MSK" name="findTourToRandomCountry" finished-at="2022-02-21T00:53:44 MSK" duration-ms="10578" status="PASS">
          <reporter-output>
          </reporter-output>
        </test-method> <!-- findTourToRandomCountry -->
        <test-method is-config="true" signature="close()[pri:0, instance:test.JoinUpTest@23bb8443]" started-at="2022-02-21T00:53:44 MSK" name="close" finished-at="2022-02-21T00:53:45 MSK" duration-ms="762" status="PASS">
          <reporter-output>
          </reporter-output>
        </test-method> <!-- close -->
        <test-method is-config="true" signature="init()[pri:0, instance:test.JoinUpTest@23bb8443]" started-at="2022-02-21T00:53:45 MSK" name="init" finished-at="2022-02-21T00:53:46 MSK" duration-ms="1446" status="PASS">
          <reporter-output>
          </reporter-output>
        </test-method> <!-- init -->
        <test-method signature="findVeryCheapTour()[pri:0, instance:test.JoinUpTest@23bb8443]" started-at="2022-02-21T00:53:46 MSK" name="findVeryCheapTour" finished-at="2022-02-21T00:54:06 MSK" duration-ms="19440" status="PASS">
          <reporter-output>
          </reporter-output>
        </test-method> <!-- findVeryCheapTour -->
        <test-method is-config="true" signature="close()[pri:0, instance:test.JoinUpTest@23bb8443]" started-at="2022-02-21T00:54:06 MSK" name="close" finished-at="2022-02-21T00:54:06 MSK" duration-ms="675" status="PASS">
          <reporter-output>
          </reporter-output>
        </test-method> <!-- close -->
        <test-method is-config="true" signature="init()[pri:0, instance:test.JoinUpTest@23bb8443]" started-at="2022-02-21T00:54:06 MSK" name="init" finished-at="2022-02-21T00:54:08 MSK" duration-ms="1381" status="PASS">
          <reporter-output>
          </reporter-output>
        </test-method> <!-- init -->
        <test-method signature="findVeryExpensiveTour()[pri:0, instance:test.JoinUpTest@23bb8443]" started-at="2022-02-21T00:54:08 MSK" name="findVeryExpensiveTour" finished-at="2022-02-21T00:54:29 MSK" duration-ms="21298" status="PASS">
          <reporter-output>
          </reporter-output>
        </test-method> <!-- findVeryExpensiveTour -->
        <test-method is-config="true" signature="close()[pri:0, instance:test.JoinUpTest@23bb8443]" started-at="2022-02-21T00:54:29 MSK" name="close" finished-at="2022-02-21T00:54:30 MSK" duration-ms="696" status="PASS">
          <reporter-output>
          </reporter-output>
        </test-method> <!-- close -->
      </class> <!-- test.JoinUpTest -->
    </test> <!-- Command line test -->
  </suite> <!-- Command line suite -->
</testng-results>
